0 info it worked if it ends with ok
1 verbose cli [ '/home/corey/.nvm/versions/v0.12.0/bin/node',
1 verbose cli   '/home/corey/.nvm/versions/v0.12.0/bin/npm',
1 verbose cli   'start' ]
2 info using npm@2.5.1
3 info using node@v0.12.0
4 verbose config Skipping project config: /home/corey/.npmrc. (matches userconfig)
5 verbose stack Error: ENOENT, open '/home/corey/package.json'
5 verbose stack     at Error (native)
6 verbose cwd /home/corey/Dropbox/angdev
7 error Linux 3.11.0-12-generic
8 error argv "/home/corey/.nvm/versions/v0.12.0/bin/node" "/home/corey/.nvm/versions/v0.12.0/bin/npm" "start"
9 error node v0.12.0
10 error npm  v2.5.1
11 error path /home/corey/package.json
12 error code ENOENT
13 error errno -2
14 error enoent ENOENT, open '/home/corey/package.json'
14 error enoent This is most likely not a problem with npm itself
14 error enoent and is related to npm not being able to find a file.
15 verbose exit [ -2, true ]
